Using pre-set license
Built from '2020.3/staging' branch; Version is '2020.3.30f1 (1fb1bf06830e) revision 2077119'; Using compiler version '192528614'; Build Type 'Release'
OS: 'Windows 11  (10.0.22000) 64bit Core' Language: 'en' Physical Memory: 16334 MB
BatchMode: 1, IsHumanControllingUs: 0, StartBugReporterOnCrash: 0, Is64bit: 1, IsPro: 0

COMMAND LINE ARGUMENTS:
D:\Polytech\Unity Hub\2020.3.30f1\Editor\Unity.exe
-adb2
-batchMode
-noUpm
-name
AssetImportWorker0
-projectPath
C:/Users/monty/OneDrive - Otago Polytechnic/BIT/2022/games programming folder/games programing/ID630151-introduction-to-algorithmic-problem-solving-main/03-maze-generation/starter-code
-logFile
Logs/AssetImportWorker0.log
-srvPort
61445
Successfully changed project path to: C:/Users/monty/OneDrive - Otago Polytechnic/BIT/2022/games programming folder/games programing/ID630151-introduction-to-algorithmic-problem-solving-main/03-maze-generation/starter-code
C:/Users/monty/OneDrive - Otago Polytechnic/BIT/2022/games programming folder/games programing/ID630151-introduction-to-algorithmic-problem-solving-main/03-maze-generation/starter-code
Using Asset Import Pipeline V2.
Refreshing native plugins compatible for Editor in 38.82 ms, found 2 plugins.
Preloading 0 native plugins for Editor in 0.00 ms.
Initialize engine version: 2020.3.30f1 (1fb1bf06830e)
[Subsystems] Discovering subsystems at path D:/Polytech/Unity Hub/2020.3.30f1/Editor/Data/Resources/UnitySubsystems
[Subsystems] Discovering subsystems at path C:/Users/monty/OneDrive - Otago Polytechnic/BIT/2022/games programming folder/games programing/ID630151-introduction-to-algorithmic-problem-solving-main/03-maze-generation/starter-code/Assets
GfxDevice: creating device client; threaded=0
Direct3D:
    Version:  Direct3D 11.0 [level 11.1]
    Renderer: NVIDIA GeForce GTX 1070 (ID=0x1b81)
    Vendor:   
    VRAM:     8088 MB
    Driver:   30.0.15.1215
Initialize mono
Mono path[0] = 'D:/Polytech/Unity Hub/2020.3.30f1/Editor/Data/Managed'
Mono path[1] = 'D:/Polytech/Unity Hub/2020.3.30f1/Editor/Data/MonoBleedingEdge/lib/mono/unityjit'
Mono config path = 'D:/Polytech/Unity Hub/2020.3.30f1/Editor/Data/MonoBleedingEdge/etc'
Using monoOptions --debugger-agent=transport=dt_socket,embedding=1,server=y,suspend=n,address=127.0.0.1:56260
Begin MonoManager ReloadAssembly
Registering precompiled unity dll's ...
Register platform support module: D:/Polytech/Unity Hub/2020.3.30f1/Editor/Data/PlaybackEngines/WebGLSupport/UnityEditor.WebGL.Extensions.dll
Register platform support module: D:/Polytech/Unity Hub/2020.3.30f1/Editor/Data/PlaybackEngines/WindowsStandaloneSupport/UnityEditor.WindowsStandalone.Extensions.dll
Registered in 0.001466 seconds.
Native extension for WindowsStandalone target not found
Native extension for WebGL target not found
Refreshing native plugins compatible for Editor in 41.33 ms, found 2 plugins.
Preloading 0 native plugins for Editor in 0.00 ms.
Mono: successfully reloaded assembly
- Completed reload, in  0.829 seconds
Domain Reload Profiling:
	ReloadAssembly (829ms)
		BeginReloadAssembly (69ms)
			ExecutionOrderSort (0ms)
			DisableScriptedObjects (0ms)
			BackupInstance (0ms)
			ReleaseScriptingObjects (0ms)
			CreateAndSetChildDomain (1ms)
		EndReloadAssembly (659ms)
			LoadAssemblies (69ms)
			RebuildTransferFunctionScriptingTraits (0ms)
			SetupTypeCache (239ms)
			ReleaseScriptCaches (0ms)
			RebuildScriptCaches (43ms)
			SetupLoadedEditorAssemblies (224ms)
				LogAssemblyErrors (0ms)
				InitializePlatformSupportModulesInManaged (7ms)
				SetLoadedEditorAssemblies (0ms)
				RefreshPlugins (41ms)
				BeforeProcessingInitializeOnLoad (18ms)
				ProcessInitializeOnLoadAttributes (118ms)
				ProcessInitializeOnLoadMethodAttributes (39ms)
				AfterProcessingInitializeOnLoad (0ms)
				EditorAssembliesLoaded (0ms)
			ExecutionOrderSort2 (0ms)
			AwakeInstancesAfterBackupRestoration (0ms)
Platform modules already initialized, skipping
Registering precompiled user dll's ...
Registered in 0.004909 seconds.
Begin MonoManager ReloadAssembly
Native extension for WindowsStandalone target not found
Native extension for WebGL target not found
Refreshing native plugins compatible for Editor in 0.56 ms, found 2 plugins.
Preloading 0 native plugins for Editor in 0.00 ms.
Mono: successfully reloaded assembly
- Completed reload, in  1.411 seconds
Domain Reload Profiling:
	ReloadAssembly (1413ms)
		BeginReloadAssembly (245ms)
			ExecutionOrderSort (0ms)
			DisableScriptedObjects (13ms)
			BackupInstance (0ms)
			ReleaseScriptingObjects (0ms)
			CreateAndSetChildDomain (25ms)
		EndReloadAssembly (1089ms)
			LoadAssemblies (112ms)
			RebuildTransferFunctionScriptingTraits (0ms)
			SetupTypeCache (365ms)
			ReleaseScriptCaches (1ms)
			RebuildScriptCaches (68ms)
			SetupLoadedEditorAssemblies (404ms)
				LogAssemblyErrors (0ms)
				InitializePlatformSupportModulesInManaged (9ms)
				SetLoadedEditorAssemblies (1ms)
				RefreshPlugins (1ms)
				BeforeProcessingInitializeOnLoad (112ms)
				ProcessInitializeOnLoadAttributes (265ms)
				ProcessInitializeOnLoadMethodAttributes (11ms)
				AfterProcessingInitializeOnLoad (4ms)
				EditorAssembliesLoaded (1ms)
			ExecutionOrderSort2 (0ms)
			AwakeInstancesAfterBackupRestoration (8ms)
Platform modules already initialized, skipping
========================================================================
Worker process is ready to serve import requests
Launched and connected shader compiler UnityShaderCompiler.exe after 0.07 seconds
Failed to write shader into Library/ShaderCache/e/e707f81cc6198a618fab2e48efb60a50.bin.
Failed to write shader into Library/ShaderCache/1/15a308aabed4e247b1dbaf6a5df574c0.bin.
Failed to write shader into Library/ShaderCache/0/066ab4feb2f1192882b048e1eb83f3d3.bin.
Failed to write shader into Library/ShaderCache/3/33f9705982f4a732af0bca9fd818aa77.bin.
Failed to write shader into Library/ShaderCache/b/b805ba96004a8832c486ad5911f0193b.bin.
Failed to write shader into Library/ShaderCache/b/b210598f7ec54607a567352529632bda.bin.
Failed to write shader into Library/ShaderCache/e/ec422e6a6fc547f1327b4df55d06b50e.bin.
Failed to write shader into Library/ShaderCache/f/fc81430b5852119b0d88b1b3b8a153bb.bin.
Failed to write shader into Library/ShaderCache/3/3fd1d08831ef86c968a3d69c07262b8b.bin.
Failed to write shader into Library/ShaderCache/a/a110afbd0acd1eeccb6c07c0a3906815.bin.
Failed to write shader into Library/ShaderCache/f/f99c7afac9494bd77eace5222655193b.bin.
Failed to write shader into Library/ShaderCache/a/a624fcf97b9ca7b74b07d66f51c9f60d.bin.
Failed to write shader into Library/ShaderCache/6/66c33e326558715dfc6a3ad2c20a4175.bin.
Failed to write shader into Library/ShaderCache/8/87609c72fe370333ccd06a89f1617b1c.bin.
Failed to write shader into Library/ShaderCache/8/83978d5bc4df70ef022b4cb0ea36ee23.bin.
Failed to write shader into Library/ShaderCache/1/185cab65d553d867a1a6a62672659908.bin.
Failed to write shader into Library/ShaderCache/f/f6037518646f81f84bd6516e607cc4e6.bin.
Failed to write shader into Library/ShaderCache/3/33d5d9ad6fe41bc98983ef893ea8dedf.bin.
Failed to write shader into Library/ShaderCache/9/95d81a6d78af52b41e43de22e206fe72.bin.
Failed to write shader into Library/ShaderCache/0/0fd5219bf087a693c5ab6a9fb738fa2c.bin.
Failed to write shader into Library/ShaderCache/0/082bcbcf6f749bc4efef66c819f018ab.bin.
Failed to write shader into Library/ShaderCache/b/b9bf49bc362338212565619418c2e4a0.bin.
Failed to write shader into Library/ShaderCache/b/bac71e5c0f665fe3ee967e46a9398dfd.bin.
Failed to write shader into Library/ShaderCache/4/475b2c9295afba97bfaec6d721854b04.bin.
Failed to write shader into Library/ShaderCache/1/1957f58251f999cc4af52d353db09483.bin.
Failed to write shader into Library/ShaderCache/4/40986a2b1e2880d7fb230f3a663a8c78.bin.
Failed to write shader into Library/ShaderCache/3/36735aa274650b91c5cfe7721ac6461d.bin.
Failed to write shader into Library/ShaderCache/e/eab0942d9d9156607b579df8b8e2cac0.bin.
Refreshing native plugins compatible for Editor in 1.28 ms, found 2 plugins.
Preloading 0 native plugins for Editor in 0.00 ms.
Unloading 1506 Unused Serialized files (Serialized files now loaded: 0)
System memory in use before: 68.6 MB.
System memory in use after: 68.7 MB.

Unloading 16 unused Assets to reduce memory usage. Loaded Objects now: 1941.
Total: 4.479300 ms (FindLiveObjects: 0.216100 ms CreateObjectMapping: 0.064200 ms MarkObjects: 4.083400 ms  DeleteObjects: 0.113900 ms)

AssetImportParameters requested are different than current active one (requested -> active):
  custom:framework-win-MediaFoundation: 216162199b28c13a410421893ffa2e32 -> 
  custom:video-decoder-ogg-theora: a1e56fd34408186e4bbccfd4996cb3dc -> 
  custom:container-muxer-webm: aa71ff27fc2769a1b78a27578f13a17b -> 
  custom:container-demuxer-webm: 4f35f7cbe854078d1ac9338744f61a02 -> 
  custom:container-demuxer-ogg: 62fdf1f143b41e24485cea50d1cbac27 -> 
  custom:video-encoder-webm-vp8: eb34c28f22e8b96e1ab97ce403110664 -> 
  custom:video-decoder-webm-vp8: 9c59270c3fd7afecdb556c50c9e8de78 -> 
  custom:audio-decoder-ogg-vorbis: bf7c407c2cedff20999df2af8eb42d56 -> 
  custom:audio-encoder-webm-vorbis: bf7c407c2cedff20999df2af8eb42d56 -> 
========================================================================
Received Import Request.
  path: Assets/Scripts/MazeController.cs
  artifactKey: Guid(51e1bdcca82243c499fa5e6e21ae9c9d) Importer(815301076,1909f56bfc062723c751e8b465ee728b)
Start importing Assets/Scripts/MazeController.cs using Guid(51e1bdcca82243c499fa5e6e21ae9c9d) Importer(815301076,1909f56bfc062723c751e8b465ee728b)  -> (artifact id: 'c279350d74e6203693f2b9ca0198d1e1') in 0.123362 seconds 
========================================================================
Received Prepare
Registering precompiled user dll's ...
Registered in 0.004138 seconds.
Begin MonoManager ReloadAssembly
Native extension for WindowsStandalone target not found
Native extension for WebGL target not found
Refreshing native plugins compatible for Editor in 0.67 ms, found 2 plugins.
Preloading 0 native plugins for Editor in 0.00 ms.
Mono: successfully reloaded assembly
- Completed reload, in  1.783 seconds
Domain Reload Profiling:
	ReloadAssembly (1784ms)
		BeginReloadAssembly (145ms)
			ExecutionOrderSort (0ms)
			DisableScriptedObjects (6ms)
			BackupInstance (0ms)
			ReleaseScriptingObjects (0ms)
			CreateAndSetChildDomain (44ms)
		EndReloadAssembly (1553ms)
			LoadAssemblies (132ms)
			RebuildTransferFunctionScriptingTraits (0ms)
			SetupTypeCache (734ms)
			ReleaseScriptCaches (2ms)
			RebuildScriptCaches (62ms)
			SetupLoadedEditorAssemblies (459ms)
				LogAssemblyErrors (0ms)
				InitializePlatformSupportModulesInManaged (6ms)
				SetLoadedEditorAssemblies (1ms)
				RefreshPlugins (1ms)
				BeforeProcessingInitializeOnLoad (157ms)
				ProcessInitializeOnLoadAttributes (278ms)
				ProcessInitializeOnLoadMethodAttributes (13ms)
				AfterProcessingInitializeOnLoad (2ms)
				EditorAssembliesLoaded (0ms)
			ExecutionOrderSort2 (0ms)
			AwakeInstancesAfterBackupRestoration (10ms)
Platform modules already initialized, skipping
Failed to write shader into Library/ShaderCache/e/e707f81cc6198a618fab2e48efb60a50.bin.
Failed to write shader into Library/ShaderCache/1/15a308aabed4e247b1dbaf6a5df574c0.bin.
Failed to write shader into Library/ShaderCache/0/066ab4feb2f1192882b048e1eb83f3d3.bin.
Failed to write shader into Library/ShaderCache/3/33f9705982f4a732af0bca9fd818aa77.bin.
Failed to write shader into Library/ShaderCache/b/b805ba96004a8832c486ad5911f0193b.bin.
Failed to write shader into Library/ShaderCache/b/b210598f7ec54607a567352529632bda.bin.
Failed to write shader into Library/ShaderCache/e/ec422e6a6fc547f1327b4df55d06b50e.bin.
Failed to write shader into Library/ShaderCache/f/fc81430b5852119b0d88b1b3b8a153bb.bin.
Failed to write shader into Library/ShaderCache/3/3fd1d08831ef86c968a3d69c07262b8b.bin.
Failed to write shader into Library/ShaderCache/a/a110afbd0acd1eeccb6c07c0a3906815.bin.
Failed to write shader into Library/ShaderCache/f/f99c7afac9494bd77eace5222655193b.bin.
Failed to write shader into Library/ShaderCache/a/a624fcf97b9ca7b74b07d66f51c9f60d.bin.
Failed to write shader into Library/ShaderCache/6/66c33e326558715dfc6a3ad2c20a4175.bin.
Failed to write shader into Library/ShaderCache/8/87609c72fe370333ccd06a89f1617b1c.bin.
Failed to write shader into Library/ShaderCache/8/83978d5bc4df70ef022b4cb0ea36ee23.bin.
Failed to write shader into Library/ShaderCache/1/185cab65d553d867a1a6a62672659908.bin.
Failed to write shader into Library/ShaderCache/f/f6037518646f81f84bd6516e607cc4e6.bin.
Failed to write shader into Library/ShaderCache/3/33d5d9ad6fe41bc98983ef893ea8dedf.bin.
Failed to write shader into Library/ShaderCache/9/95d81a6d78af52b41e43de22e206fe72.bin.
Failed to write shader into Library/ShaderCache/0/0fd5219bf087a693c5ab6a9fb738fa2c.bin.
Failed to write shader into Library/ShaderCache/0/082bcbcf6f749bc4efef66c819f018ab.bin.
Failed to write shader into Library/ShaderCache/b/b9bf49bc362338212565619418c2e4a0.bin.
Failed to write shader into Library/ShaderCache/b/bac71e5c0f665fe3ee967e46a9398dfd.bin.
Failed to write shader into Library/ShaderCache/4/475b2c9295afba97bfaec6d721854b04.bin.
Failed to write shader into Library/ShaderCache/1/1957f58251f999cc4af52d353db09483.bin.
Failed to write shader into Library/ShaderCache/4/40986a2b1e2880d7fb230f3a663a8c78.bin.
Failed to write shader into Library/ShaderCache/3/36735aa274650b91c5cfe7721ac6461d.bin.
Failed to write shader into Library/ShaderCache/e/eab0942d9d9156607b579df8b8e2cac0.bin.
Refreshing native plugins compatible for Editor in 0.64 ms, found 2 plugins.
Preloading 0 native plugins for Editor in 0.00 ms.
Unloading 1500 Unused Serialized files (Serialized files now loaded: 0)
System memory in use before: 68.5 MB.
System memory in use after: 68.6 MB.

Unloading 11 unused Assets to reduce memory usage. Loaded Objects now: 1943.
Total: 6.342700 ms (FindLiveObjects: 0.345600 ms CreateObjectMapping: 0.192500 ms MarkObjects: 5.772900 ms  DeleteObjects: 0.030100 ms)

AssetImportParameters requested are different than current active one (requested -> active):
  custom:framework-win-MediaFoundation: 216162199b28c13a410421893ffa2e32 -> 
  custom:video-decoder-ogg-theora: a1e56fd34408186e4bbccfd4996cb3dc -> 
  custom:container-muxer-webm: aa71ff27fc2769a1b78a27578f13a17b -> 
  custom:container-demuxer-webm: 4f35f7cbe854078d1ac9338744f61a02 -> 
  custom:container-demuxer-ogg: 62fdf1f143b41e24485cea50d1cbac27 -> 
  custom:video-encoder-webm-vp8: eb34c28f22e8b96e1ab97ce403110664 -> 
  custom:video-decoder-webm-vp8: 9c59270c3fd7afecdb556c50c9e8de78 -> 
  custom:audio-decoder-ogg-vorbis: bf7c407c2cedff20999df2af8eb42d56 -> 
  custom:audio-encoder-webm-vorbis: bf7c407c2cedff20999df2af8eb42d56 -> 
========================================================================
Received Import Request.
  Time since last request: 251.376401 seconds.
  path: Assets/Scripts/MazeConstructor.cs
  artifactKey: Guid(51e1bdcca82243c499fa5e6e21ae9c9d) Importer(815301076,1909f56bfc062723c751e8b465ee728b)
Start importing Assets/Scripts/MazeConstructor.cs using Guid(51e1bdcca82243c499fa5e6e21ae9c9d) Importer(815301076,1909f56bfc062723c751e8b465ee728b)  -> (artifact id: 'd242298defb4cd831f879e19181c2266') in 0.011942 seconds 
========================================================================
Received Prepare
Registering precompiled user dll's ...
Registered in 0.597280 seconds.
Begin MonoManager ReloadAssembly
Native extension for WindowsStandalone target not found
Native extension for WebGL target not found
Refreshing native plugins compatible for Editor in 0.45 ms, found 2 plugins.
Preloading 0 native plugins for Editor in 0.00 ms.
Mono: successfully reloaded assembly
- Completed reload, in  8.256 seconds
Domain Reload Profiling:
	ReloadAssembly (8257ms)
		BeginReloadAssembly (3359ms)
			ExecutionOrderSort (0ms)
			DisableScriptedObjects (9ms)
			BackupInstance (0ms)
			ReleaseScriptingObjects (0ms)
			CreateAndSetChildDomain (57ms)
		EndReloadAssembly (4816ms)
			LoadAssemblies (5246ms)
			RebuildTransferFunctionScriptingTraits (0ms)
			SetupTypeCache (1280ms)
			ReleaseScriptCaches (1ms)
			RebuildScriptCaches (49ms)
			SetupLoadedEditorAssemblies (1319ms)
				LogAssemblyErrors (0ms)
				InitializePlatformSupportModulesInManaged (6ms)
				SetLoadedEditorAssemblies (1ms)
				RefreshPlugins (1ms)
				BeforeProcessingInitializeOnLoad (107ms)
				ProcessInitializeOnLoadAttributes (362ms)
				ProcessInitializeOnLoadMethodAttributes (839ms)
				AfterProcessingInitializeOnLoad (3ms)
				EditorAssembliesLoaded (0ms)
			ExecutionOrderSort2 (0ms)
			AwakeInstancesAfterBackupRestoration (8ms)
Platform modules already initialized, skipping
Failed to write shader into Library/ShaderCache/e/e707f81cc6198a618fab2e48efb60a50.bin.
Failed to write shader into Library/ShaderCache/1/15a308aabed4e247b1dbaf6a5df574c0.bin.
Failed to write shader into Library/ShaderCache/0/066ab4feb2f1192882b048e1eb83f3d3.bin.
Failed to write shader into Library/ShaderCache/3/33f9705982f4a732af0bca9fd818aa77.bin.
Failed to write shader into Library/ShaderCache/b/b805ba96004a8832c486ad5911f0193b.bin.
Failed to write shader into Library/ShaderCache/b/b210598f7ec54607a567352529632bda.bin.
Failed to write shader into Library/ShaderCache/e/ec422e6a6fc547f1327b4df55d06b50e.bin.
Failed to write shader into Library/ShaderCache/f/fc81430b5852119b0d88b1b3b8a153bb.bin.
Failed to write shader into Library/ShaderCache/3/3fd1d08831ef86c968a3d69c07262b8b.bin.
Failed to write shader into Library/ShaderCache/a/a110afbd0acd1eeccb6c07c0a3906815.bin.
Failed to write shader into Library/ShaderCache/f/f99c7afac9494bd77eace5222655193b.bin.
Failed to write shader into Library/ShaderCache/a/a624fcf97b9ca7b74b07d66f51c9f60d.bin.
Failed to write shader into Library/ShaderCache/6/66c33e326558715dfc6a3ad2c20a4175.bin.
Failed to write shader into Library/ShaderCache/8/87609c72fe370333ccd06a89f1617b1c.bin.
Failed to write shader into Library/ShaderCache/8/83978d5bc4df70ef022b4cb0ea36ee23.bin.
Failed to write shader into Library/ShaderCache/1/185cab65d553d867a1a6a62672659908.bin.
Failed to write shader into Library/ShaderCache/f/f6037518646f81f84bd6516e607cc4e6.bin.
Failed to write shader into Library/ShaderCache/3/33d5d9ad6fe41bc98983ef893ea8dedf.bin.
Failed to write shader into Library/ShaderCache/9/95d81a6d78af52b41e43de22e206fe72.bin.
Failed to write shader into Library/ShaderCache/0/0fd5219bf087a693c5ab6a9fb738fa2c.bin.
Failed to write shader into Library/ShaderCache/0/082bcbcf6f749bc4efef66c819f018ab.bin.
Failed to write shader into Library/ShaderCache/b/b9bf49bc362338212565619418c2e4a0.bin.
Failed to write shader into Library/ShaderCache/b/bac71e5c0f665fe3ee967e46a9398dfd.bin.
Failed to write shader into Library/ShaderCache/4/475b2c9295afba97bfaec6d721854b04.bin.
Failed to write shader into Library/ShaderCache/1/1957f58251f999cc4af52d353db09483.bin.
Failed to write shader into Library/ShaderCache/4/40986a2b1e2880d7fb230f3a663a8c78.bin.
Failed to write shader into Library/ShaderCache/3/36735aa274650b91c5cfe7721ac6461d.bin.
Failed to write shader into Library/ShaderCache/e/eab0942d9d9156607b579df8b8e2cac0.bin.
Refreshing native plugins compatible for Editor in 0.65 ms, found 2 plugins.
Preloading 0 native plugins for Editor in 0.00 ms.
Unloading 1500 Unused Serialized files (Serialized files now loaded: 0)
System memory in use before: 68.5 MB.
System memory in use after: 68.7 MB.

Unloading 11 unused Assets to reduce memory usage. Loaded Objects now: 1945.
Total: 3.351100 ms (FindLiveObjects: 0.214500 ms CreateObjectMapping: 0.056500 ms MarkObjects: 3.051800 ms  DeleteObjects: 0.026800 ms)

AssetImportParameters requested are different than current active one (requested -> active):
  custom:framework-win-MediaFoundation: 216162199b28c13a410421893ffa2e32 -> 
  custom:video-decoder-ogg-theora: a1e56fd34408186e4bbccfd4996cb3dc -> 
  custom:container-muxer-webm: aa71ff27fc2769a1b78a27578f13a17b -> 
  custom:container-demuxer-webm: 4f35f7cbe854078d1ac9338744f61a02 -> 
  custom:container-demuxer-ogg: 62fdf1f143b41e24485cea50d1cbac27 -> 
  custom:video-encoder-webm-vp8: eb34c28f22e8b96e1ab97ce403110664 -> 
  custom:video-decoder-webm-vp8: 9c59270c3fd7afecdb556c50c9e8de78 -> 
  custom:audio-decoder-ogg-vorbis: bf7c407c2cedff20999df2af8eb42d56 -> 
  custom:audio-encoder-webm-vorbis: bf7c407c2cedff20999df2af8eb42d56 -> 
AssetImportWorkerClient::OnTransportError - code=2 error=End of file
